# JRE version: OpenJDK Runtime Environment (20.0.2+9) (build 20.0.2+9-78)
# Java VM: OpenJDK 64-Bit Server VM (20.0.2+9-78, mixed mode, sharing, tiered, compressed oops, compressed class ptrs, g1 gc, windows-amd64)
GC Precious Log:
 CardTable entry size: 512
 Card Set container configuration: InlinePtr #cards 5 size 8 Array Of Cards #cards 12 size 40 Howl #buckets 4 coarsen threshold 1843 Howl Bitmap #cards 512 size 80 coarsen threshold 460 Card regions per heap region 1 cards per card region 2048
 CPUs: 6 total, 6 available
 Memory: 8172M
 Large Page Support: Disabled
 NUMA Support: Disabled
 Compressed Oops: Enabled (32-bit)
 Heap Region Size: 1M
 Heap Min Capacity: 8M
 Heap Initial Capacity: 128M
 Heap Max Capacity: 2G
 Pre-touch: Disabled
 Parallel Workers: 6
 Concurrent Workers: 2
 Concurrent Refinement Workers: 6
 Periodic GC: Disabled
Heap:
 garbage-first heap   total 245760K, used 201453K [0x0000000080000000, 0x0000000100000000)
  region size 1024K, 61 young (62464K), 10 survivors (10240K)
 Metaspace       used 116459K, committed 119040K, reserved 1179648K
  class space    used 16117K, committed 17408K, reserved 1048576K
GC Heap History (20 events):
Event: 15.863 GC heap before
{Heap before GC invocations=34 (full 0):
 garbage-first heap   total 158720K, used 156263K [0x0000000080000000, 0x0000000100000000)
  region size 1024K, 60 young (61440K), 2 survivors (2048K)
 Metaspace       used 83416K, committed 85696K, reserved 1179648K
  class space    used 11653K, committed 12800K, reserved 1048576K
}
Event: 15.866 GC heap after
{Heap after GC invocations=35 (full 0):
 garbage-first heap   total 164864K, used 101428K [0x0000000080000000, 0x0000000100000000)
  region size 1024K, 7 young (7168K), 7 survivors (7168K)
 Metaspace       used 83416K, committed 85696K, reserved 1179648K
  class space    used 11653K, committed 12800K, reserved 1048576K
}
Event: 16.236 GC heap before
{Heap before GC invocations=35 (full 0):
 garbage-first heap   total 164864K, used 152628K [0x0000000080000000, 0x0000000100000000)
  region size 1024K, 52 young (53248K), 7 survivors (7168K)
 Metaspace       used 87029K, committed 89408K, reserved 1179648K
  class space    used 12087K, committed 13248K, reserved 1048576K
}
Event: 16.244 GC heap after
{Heap after GC invocations=36 (full 0):
 garbage-first heap   total 167936K, used 107843K [0x0000000080000000, 0x0000000100000000)
  region size 1024K, 6 young (6144K), 6 survivors (6144K)
 Metaspace       used 87029K, committed 89408K, reserved 1179648K
  class space    used 12087K, committed 13248K, reserved 1048576K
}
Event: 16.684 GC heap before
{Heap before GC invocations=36 (full 0):
 garbage-first heap   total 167936K, used 148803K [0x0000000080000000, 0x0000000100000000)
  region size 1024K, 48 young (49152K), 6 survivors (6144K)
 Metaspace       used 90722K, committed 93184K, reserved 1179648K
  class space    used 12551K, committed 13760K, reserved 1048576K
}
Event: 16.687 GC heap after
{Heap after GC invocations=37 (full 0):
 garbage-first heap   total 201728K, used 109897K [0x0000000080000000, 0x0000000100000000)
  region size 1024K, 3 young (3072K), 3 survivors (3072K)
 Metaspace       used 90722K, committed 93184K, reserved 1179648K
  class space    used 12551K, committed 13760K, reserved 1048576K
}
Event: 17.257 GC heap before
{Heap before GC invocations=37 (full 0):
 garbage-first heap   total 201728K, used 184649K [0x0000000080000000, 0x0000000100000000)
  region size 1024K, 72 young (73728K), 3 survivors (3072K)
 Metaspace       used 93693K, committed 96064K, reserved 1179648K
  class space    used 12919K, committed 14080K, reserved 1048576K
}
Event: 17.260 GC heap after
{Heap after GC invocations=38 (full 0):
 garbage-first heap   total 201728K, used 119800K [0x0000000080000000, 0x0000000100000000)
  region size 1024K, 8 young (8192K), 8 survivors (8192K)
 Metaspace       used 93693K, committed 96064K, reserved 1179648K
  class space    used 12919K, committed 14080K, reserved 1048576K
}
Event: 17.671 GC heap before
{Heap before GC invocations=38 (full 0):
 garbage-first heap   total 201728K, used 168952K [0x0000000080000000, 0x0000000100000000)
  region size 1024K, 57 young (58368K), 8 survivors (8192K)
 Metaspace       used 96612K, committed 99072K, reserved 1179648K
  class space    used 13308K, committed 14528K, reserved 1048576K
}
Event: 17.677 GC heap after
{Heap after GC invocations=39 (full 0):
 garbage-first heap   total 201728K, used 123846K [0x0000000080000000, 0x0000000100000000)
  region size 1024K, 4 young (4096K), 4 survivors (4096K)
 Metaspace       used 96612K, committed 99072K, reserved 1179648K
  class space    used 13308K, committed 14528K, reserved 1048576K
}
Event: 18.248 GC heap before
{Heap before GC invocations=40 (full 0):
 garbage-first heap   total 215040K, used 187334K [0x0000000080000000, 0x0000000100000000)
  region size 1024K, 65 young (66560K), 4 survivors (4096K)
 Metaspace       used 100954K, committed 103360K, reserved 1179648K
  class space    used 14060K, committed 15296K, reserved 1048576K
}
Event: 18.252 GC heap after
{Heap after GC invocations=41 (full 0):
 garbage-first heap   total 215040K, used 128762K [0x0000000080000000, 0x0000000100000000)
  region size 1024K, 9 young (9216K), 9 survivors (9216K)
 Metaspace       used 100954K, committed 103360K, reserved 1179648K
  class space    used 14060K, committed 15296K, reserved 1048576K
}
Event: 18.697 GC heap before
{Heap before GC invocations=41 (full 0):
 garbage-first heap   total 215040K, used 194298K [0x0000000080000000, 0x0000000100000000)
  region size 1024K, 73 young (74752K), 9 survivors (9216K)
 Metaspace       used 103835K, committed 106304K, reserved 1179648K
  class space    used 14443K, committed 15680K, reserved 1048576K
}
Event: 18.703 GC heap after
{Heap after GC invocations=42 (full 0):
 garbage-first heap   total 215040K, used 132784K [0x0000000080000000, 0x0000000100000000)
  region size 1024K, 10 young (10240K), 10 survivors (10240K)
 Metaspace       used 103835K, committed 106304K, reserved 1179648K
  class space    used 14443K, committed 15680K, reserved 1048576K
}
Event: 19.120 GC heap before
{Heap before GC invocations=42 (full 0):
 garbage-first heap   total 215040K, used 193200K [0x0000000080000000, 0x0000000100000000)
  region size 1024K, 69 young (70656K), 10 survivors (10240K)
 Metaspace       used 105560K, committed 108096K, reserved 1179648K
  class space    used 14702K, committed 15936K, reserved 1048576K
}
Event: 19.127 GC heap after
{Heap after GC invocations=43 (full 0):
 garbage-first heap   total 215040K, used 140041K [0x0000000080000000, 0x0000000100000000)
  region size 1024K, 8 young (8192K), 8 survivors (8192K)
 Metaspace       used 105560K, committed 108096K, reserved 1179648K
  class space    used 14702K, committed 15936K, reserved 1048576K
}
Event: 19.507 GC heap before
{Heap before GC invocations=44 (full 0):
 garbage-first heap   total 245760K, used 193289K [0x0000000080000000, 0x0000000100000000)
  region size 1024K, 60 young (61440K), 8 survivors (8192K)
 Metaspace       used 107453K, committed 110080K, reserved 1179648K
  class space    used 14967K, committed 16256K, reserved 1048576K
}
Event: 19.512 GC heap after
{Heap after GC invocations=45 (full 0):
 garbage-first heap   total 245760K, used 145662K [0x0000000080000000, 0x0000000100000000)
  region size 1024K, 6 young (6144K), 6 survivors (6144K)
 Metaspace       used 107453K, committed 110080K, reserved 1179648K
  class space    used 14967K, committed 16256K, reserved 1048576K
}
Event: 20.038 GC heap before
{Heap before GC invocations=45 (full 0):
 garbage-first heap   total 245760K, used 223486K [0x0000000080000000, 0x0000000100000000)
  region size 1024K, 82 young (83968K), 6 survivors (6144K)
 Metaspace       used 113700K, committed 116288K, reserved 1179648K
  class space    used 15796K, committed 17088K, reserved 1048576K
}
Event: 20.043 GC heap after
{Heap after GC invocations=46 (full 0):
 garbage-first heap   total 245760K, used 150253K [0x0000000080000000, 0x0000000100000000)
  region size 1024K, 10 young (10240K), 10 survivors (10240K)
 Metaspace       used 113700K, committed 116288K, reserved 1179648K
  class space    used 15796K, committed 17088K, reserved 1048576K
}

